(entry)->(-1,-1) | 26
(SPACE)->(-1,-1) | 15
(~)->(-1,-1) | 17
(NEW_LINE)->(-1,-1) | 18
(num)->(-1,-1) | 23
(SPACE)->(-1,-1) | 15
(number)->(49,0) | 37
(,)->(-1,-1) | 16
(anotherNumber)->(70,0) | 37
(SPACE)->(-1,-1) | 15
(is)->(-1,-1) | 34
(SPACE)->(-1,-1) | 15
(2)->(50,0) | 38
(:)->(-1,-1) | 14
(NEW_LINE)->(-1,-1) | 18
(input)->(-1,-1) | 35
(>>)->(-1,-1) | 19
(number)->(49,0) | 37
(:)->(-1,-1) | 14
(NEW_LINE)->(-1,-1) | 18
(boolean)->(-1,-1) | 24
(SPACE)->(-1,-1) | 15
(isPrime)->(29,0) | 37
(SPACE)->(-1,-1) | 15
(is)->(-1,-1) | 34
(SPACE)->(-1,-1) | 15
(true)->(-1,-1) | 32
(:)->(-1,-1) | 14
(NEW_LINE)->(-1,-1) | 18
(NEW_LINE)->(-1,-1) | 18
(until)->(-1,-1) | 28
(SPACE)->(-1,-1) | 15
([)->(-1,-1) | 12
(anotherNumber)->(70,0) | 37
(SPACE)->(-1,-1) | 15
(gte)->(-1,-1) | 6
(SPACE)->(-1,-1) | 15
(number)->(49,0) | 37
(])->(-1,-1) | 13
(~)->(-1,-1) | 17
(NEW_LINE)->(-1,-1) | 18
(if)->(-1,-1) | 29
(SPACE)->(-1,-1) | 15
([)->(-1,-1) | 12
(()->(-1,-1) | 21
(number)->(49,0) | 37
(SPACE)->(-1,-1) | 15
(mod)->(-1,-1) | 8
(SPACE)->(-1,-1) | 15
(anotherNumber)->(70,0) | 37
())->(-1,-1) | 22
(SPACE)->(-1,-1) | 15
(eq)->(-1,-1) | 7
(SPACE)->(-1,-1) | 15
(0)->(48,0) | 38
(])->(-1,-1) | 13
(SPACE)->(-1,-1) | 15
(~)->(-1,-1) | 17
(NEW_LINE)->(-1,-1) | 18
(isPrime)->(29,0) | 37
(SPACE)->(-1,-1) | 15
(is)->(-1,-1) | 34
(SPACE)->(-1,-1) | 15
(false)->(-1,-1) | 33
(:)->(-1,-1) | 14
(NEW_LINE)->(-1,-1) | 18
(stop)->(-1,-1) | 31
(:)->(-1,-1) | 14
(~)->(-1,-1) | 17
(NEW_LINE)->(-1,-1) | 18
(anotherNumber)->(70,0) | 37
(SPACE)->(-1,-1) | 15
(is)->(-1,-1) | 34
(SPACE)->(-1,-1) | 15
(anotherNumber)->(70,0) | 37
(SPACE)->(-1,-1) | 15
(plus)->(-1,-1) | 1
(SPACE)->(-1,-1) | 15
(1)->(49,1) | 38
(:)->(-1,-1) | 14
(~)->(-1,-1) | 17
(NEW_LINE)->(-1,-1) | 18
(output)->(-1,-1) | 36
(<<)->(-1,-1) | 20
(isPrime)->(29,0) | 37
(:)->(-1,-1) | 14
(NEW_LINE)->(-1,-1) | 18
(NEW_LINE)->(-1,-1) | 18
(~)->(-1,-1) | 17
