Bucket 0: NULL
Bucket 1: NULL
Bucket 2: NULL
Bucket 3: NULL
Bucket 4: NULL
Bucket 5: NULL
Bucket 6: NULL
Bucket 7: NULL
Bucket 8: NULL
Bucket 9: NULL
Bucket 10: NULL
Bucket 11: NULL
Bucket 12: NULL
Bucket 13: NULL
Bucket 14: NULL
Bucket 15: NULL
Bucket 16: NULL
Bucket 17: NULL
Bucket 18: NULL
Bucket 19: NULL
Bucket 20: NULL
Bucket 21: NULL
Bucket 22: NULL
Bucket 23: NULL
Bucket 24: NULL
Bucket 25: NULL
Bucket 26: NULL
Bucket 27: NULL
Bucket 28: NULL
Bucket 29: isPrime <-> NULL
Bucket 30: NULL
Bucket 31: NULL
Bucket 32: NULL
Bucket 33: NULL
Bucket 34: NULL
Bucket 35: NULL
Bucket 36: NULL
Bucket 37: NULL
Bucket 38: NULL
Bucket 39: NULL
Bucket 40: NULL
Bucket 41: NULL
Bucket 42: NULL
Bucket 43: NULL
Bucket 44: NULL
Bucket 45: NULL
Bucket 46: NULL
Bucket 47: NULL
Bucket 48: 0 <-> NULL
Bucket 49: number <-> 1 <-> NULL
Bucket 50: 2 <-> NULL
Bucket 51: NULL
Bucket 52: NULL
Bucket 53: NULL
Bucket 54: NULL
Bucket 55: NULL
Bucket 56: NULL
Bucket 57: NULL
Bucket 58: NULL
Bucket 59: NULL
Bucket 60: NULL
Bucket 61: NULL
Bucket 62: NULL
Bucket 63: NULL
Bucket 64: NULL
Bucket 65: NULL
Bucket 66: NULL
Bucket 67: NULL
Bucket 68: NULL
Bucket 69: NULL
Bucket 70: anotherNumber <-> NULL
Bucket 71: NULL
Bucket 72: NULL
Bucket 73: NULL
Bucket 74: NULL
Bucket 75: NULL
Bucket 76: NULL
Bucket 77: NULL
Bucket 78: NULL
Bucket 79: NULL
Bucket 80: NULL
Bucket 81: NULL
Bucket 82: NULL
Bucket 83: NULL
Bucket 84: NULL
Bucket 85: NULL
Bucket 86: NULL
Bucket 87: NULL
Bucket 88: NULL
Bucket 89: NULL
Bucket 90: NULL
Bucket 91: NULL
Bucket 92: NULL
Bucket 93: NULL
Bucket 94: NULL
Bucket 95: NULL
Bucket 96: NULL
Bucket 97: NULL
Bucket 98: NULL
Bucket 99: NULL
